<?xml version="1.0" encoding="UTF-8"?>
<testng-results total="1" passed="1" failed="0" skipped="0">
  <reporter-output>
  </reporter-output>
  <suite started-at="2023-10-09T04:37:23Z" name="Default suite" finished-at="2023-10-09T04:38:38Z" duration-ms="74196">
    <groups>
    </groups>
    <test started-at="2023-10-09T04:37:23Z" name="Default test" finished-at="2023-10-09T04:38:38Z" duration-ms="74196">
      <class name="demo.scripts.MobilePagination">
        <test-method is-config="true" signature="mobileSetUp()[pri:0, instance:demo.scripts.MobilePagination@7aac8884]" started-at="2023-10-09T10:07:23Z" name="mobileSetUp" finished-at="2023-10-09T10:07:23Z" duration-ms="95" status="PASS">
          <reporter-output>
          </reporter-output>
        </test-method> <!-- mobileSetUp -->
        <test-method is-config="true" signature="report()[pri:0, instance:demo.scripts.MobilePagination@7aac8884]" started-at="2023-10-09T10:07:23Z" name="report" finished-at="2023-10-09T10:07:23Z" duration-ms="703" status="PASS">
          <reporter-output>
          </reporter-output>
        </test-method> <!-- report -->
        <test-method is-config="true" signature="setUp()[pri:0, instance:demo.scripts.MobilePagination@7aac8884]" started-at="2023-10-09T10:07:23Z" name="setUp" finished-at="2023-10-09T10:07:23Z" duration-ms="0" status="PASS">
          <reporter-output>
          </reporter-output>
        </test-method> <!-- setUp -->
        <test-method is-config="true" signature="test_Login()[pri:0, instance:demo.scripts.MobilePagination@7aac8884]" started-at="2023-10-09T10:07:24Z" name="test_Login" finished-at="2023-10-09T10:08:03Z" duration-ms="39608" status="PASS">
          <reporter-output>
          </reporter-output>
        </test-method> <!-- test_Login -->
        <test-method signature="PaginationObject_Verification()[pri:0, instance:demo.scripts.MobilePagination@7aac8884]" started-at="2023-10-09T10:08:03Z" name="PaginationObject_Verification" finished-at="2023-10-09T10:08:38Z" duration-ms="34420" status="PASS">
          <reporter-output>
          </reporter-output>
        </test-method> <!-- PaginationObject_Verification -->
        <test-method is-config="true" signature="tearDown()[pri:0, instance:demo.scripts.MobilePagination@7aac8884]" started-at="2023-10-09T10:08:38Z" name="tearDown" finished-at="2023-10-09T10:08:38Z" duration-ms="507" status="PASS">
          <reporter-output>
          </reporter-output>
        </test-method> <!-- tearDown -->
      </class> <!-- demo.scripts.MobilePagination -->
    </test> <!-- Default test -->
  </suite> <!-- Default suite -->
</testng-results>
