<?xml version="1.0" encoding="UTF-8"?>
<testng-results total="1" passed="1" failed="0" skipped="0">
  <reporter-output>
  </reporter-output>
  <suite started-at="2023-09-22T12:19:19Z" name="Default suite" finished-at="2023-09-22T12:20:28Z" duration-ms="68262">
    <groups>
    </groups>
    <test started-at="2023-09-22T12:19:19Z" name="Default test" finished-at="2023-09-22T12:20:28Z" duration-ms="68262">
      <class name="demo.scripts.Mobilebrowser">
        <test-method is-config="true" signature="mobileSetUp()[pri:0, instance:demo.scripts.Mobilebrowser@7aac8884]" started-at="2023-09-22T17:49:18Z" name="mobileSetUp" finished-at="2023-09-22T17:49:18Z" duration-ms="82" status="PASS">
          <reporter-output>
          </reporter-output>
        </test-method> <!-- mobileSetUp -->
        <test-method is-config="true" signature="report()[pri:0, instance:demo.scripts.Mobilebrowser@7aac8884]" started-at="2023-09-22T17:49:18Z" name="report" finished-at="2023-09-22T17:49:19Z" duration-ms="1002" status="PASS">
          <reporter-output>
          </reporter-output>
        </test-method> <!-- report -->
        <test-method is-config="true" signature="setUp()[pri:0, instance:demo.scripts.Mobilebrowser@7aac8884]" started-at="2023-09-22T17:49:19Z" name="setUp" finished-at="2023-09-22T17:49:19Z" duration-ms="1" status="PASS">
          <reporter-output>
          </reporter-output>
        </test-method> <!-- setUp -->
        <test-method is-config="true" signature="test_Login()[pri:0, instance:demo.scripts.Mobilebrowser@7aac8884]" started-at="2023-09-22T17:49:19Z" name="test_Login" finished-at="2023-09-22T17:49:51Z" duration-ms="31762" status="PASS">
          <reporter-output>
          </reporter-output>
        </test-method> <!-- test_Login -->
        <test-method signature="MarketElementTest()[pri:0, instance:demo.scripts.Mobilebrowser@7aac8884]" started-at="2023-09-22T17:49:51Z" name="MarketElementTest" finished-at="2023-09-22T17:50:27Z" duration-ms="36321" status="PASS">
          <reporter-output>
          </reporter-output>
        </test-method> <!-- MarketElementTest -->
        <test-method is-config="true" signature="tearDown()[pri:0, instance:demo.scripts.Mobilebrowser@7aac8884]" started-at="2023-09-22T17:50:28Z" name="tearDown" finished-at="2023-09-22T17:50:28Z" duration-ms="544" status="PASS">
          <reporter-output>
          </reporter-output>
        </test-method> <!-- tearDown -->
      </class> <!-- demo.scripts.Mobilebrowser -->
    </test> <!-- Default test -->
  </suite> <!-- Default suite -->
</testng-results>
