<?xml version="1.0" encoding="UTF-8"?>
<!-- Generated by org.testng.reporters.JUnitXMLReporter -->
<testsuite hostname="ESLLAP-3859" failures="0" tests="3" name="TestOne" time="19.325" errors="0" timestamp="11 Sep 2023 10:36:22 GMT">
  <testcase classname="demo.scripts.PrivacyPolicy" name="privacyPolicyTest" time="10.938"/>
  <testcase classname="demo.scripts.PrivacyPolicy" name="privacyPolicyTest_Fail" time="2.716"/>
  <testcase classname="demo.scripts.PrivacyPolicy" name="footerElementCount" time="0.4"/>
</testsuite> <!-- TestOne -->
